This file contains any messages produced by compilers while
running configure, to aid debugging if configure makes a mistake.

It was created by TestTool configure 1.0, which was
generated by GNU Autoconf 2.69.  Invocation command line was

  $ ./configure 

## --------- ##
## Platform. ##
## --------- ##

hostname = niao
uname -m = x86_64
uname -r = 5.8.0-43-generic
uname -s = Linux
uname -v = #49~20.04.1-Ubuntu SMP Fri Feb 5 09:57:56 UTC 2021

/usr/bin/uname -p = x86_64
/bin/uname -X     = unknown

/bin/arch              = x86_64
/usr/bin/arch -k       = unknown
/usr/convex/getsysinfo = unknown
/usr/bin/hostinfo      = unknown
/bin/machine           = unknown
/usr/bin/oslevel       = unknown
/bin/universe          = unknown

PATH: /usr/local/sbin
PATH: /usr/local/bin
PATH: /usr/sbin
PATH: /usr/bin
PATH: /sbin
PATH: /bin
PATH: /usr/games
PATH: /usr/local/games


## ----------- ##
## Core tests. ##
## ----------- ##

configure:2436: checking for a BSD-compatible install
configure:2504: result: /usr/bin/install -c
configure:2515: checking whether build environment is sane
configure:2570: result: yes
configure:2719: checking for a thread-safe mkdir -p
configure:2758: result: /usr/bin/mkdir -p
configure:2765: checking for gawk
configure:2795: result: no
configure:2765: checking for mawk
configure:2781: found /usr/bin/mawk
configure:2792: result: mawk
configure:2803: checking whether make sets $(MAKE)
configure:2825: result: yes
configure:2854: checking whether make supports nested variables
configure:2871: result: yes
configure:3058: checking for g++
configure:3074: found /usr/bin/g++
configure:3085: result: g++
configure:3112: checking for C++ compiler version
configure:3121: g++ --version >&5
g++ (Ubuntu 9.3.0-17ubuntu1~20.04) 9.3.0
Copyright (C) 2019 Free Software Foundation, Inc.
This is free software; see the source for copying conditions.  There is NO
warranty; not even for MERCHANTABILITY or FITNESS FOR A PARTICULAR PURPOSE.

configure:3132: $? = 0
configure:3121: g++ -v >&5
Using built-in specs.
COLLECT_GCC=g++
COLLECT_LTO_WRAPPER=/usr/lib/gcc/x86_64-linux-gnu/9/lto-wrapper
OFFLOAD_TARGET_NAMES=nvptx-none:hsa
OFFLOAD_TARGET_DEFAULT=1
Target: x86_64-linux-gnu
Configured with: ../src/configure -v --with-pkgversion='Ubuntu 9.3.0-17ubuntu1~20.04' --with-bugurl=file:///usr/share/doc/gcc-9/README.Bugs --enable-languages=c,ada,c++,go,brig,d,fortran,objc,obj-c++,gm2 --prefix=/usr --with-gcc-major-version-only --program-suffix=-9 --program-prefix=x86_64-linux-gnu- --enable-shared --enable-linker-build-id --libexecdir=/usr/lib --without-included-gettext --enable-threads=posix --libdir=/usr/lib --enable-nls --enable-clocale=gnu --enable-libstdcxx-debug --enable-libstdcxx-time=yes --with-default-libstdcxx-abi=new --enable-gnu-unique-object --disable-vtable-verify --enable-plugin --enable-default-pie --with-system-zlib --with-target-system-zlib=auto --enable-objc-gc=auto --enable-multiarch --disable-werror --with-arch-32=i686 --with-abi=m64 --with-multilib-list=m32,m64,mx32 --enable-multilib --with-tune=generic --enable-offload-targets=nvptx-none=/build/gcc-9-HskZEa/gcc-9-9.3.0/debian/tmp-nvptx/usr,hsa --without-cuda-driver --enable-checking=release --build=x86_64-linux-gnu --host=x86_64-linux-gnu --target=x86_64-linux-gnu
Thread model: posix
gcc version 9.3.0 (Ubuntu 9.3.0-17ubuntu1~20.04) 
configure:3132: $? = 0
configure:3121: g++ -V >&5
g++: error: unrecognized command line option '-V'
g++: fatal error: no input files
compilation terminated.
configure:3132: $? = 1
configure:3121: g++ -qversion >&5
g++: error: unrecognized command line option '-qversion'; did you mean '--version'?
g++: fatal error: no input files
compilation terminated.
configure:3132: $? = 1
configure:3152: checking whether the C++ compiler works
configure:3174: g++    conftest.cpp  >&5
configure:3178: $? = 0
configure:3226: result: yes
configure:3229: checking for C++ compiler default output file name
configure:3231: result: a.out
configure:3237: checking for suffix of executables
configure:3244: g++ -o conftest    conftest.cpp  >&5
configure:3248: $? = 0
configure:3270: result: 
configure:3292: checking whether we are cross compiling
configure:3300: g++ -o conftest    conftest.cpp  >&5
configure:3304: $? = 0
configure:3311: ./conftest
configure:3315: $? = 0
configure:3303: result: no
configure:3308: checking for suffix of object files
configure:3330: g++ -c   conftest.cpp >&5
configure:3334: $? = 0
configure:3355: result: o
configure:3359: checking whether we are using the GNU C++ compiler
configure:3378: g++ -c   conftest.cpp >&5
configure:3378: $? = 0
configure:3387: result: yes
configure:3396: checking whether g++ accepts -g
configure:3416: g++ -c -g  conftest.cpp >&5
configure:3416: $? = 0
configure:3457: result: yes
configure:3483: checking whether make supports the include directive
configure:3498: make -f confmf.GNU && cat confinc.out
this is the am__doit target
configure:3501: $? = 0
configure:3520: result: yes (GNU style)
configure:3545: checking dependency style of g++
configure:3656: result: gcc3
configure:3719: checking for gcc
configure:3735: found /usr/bin/gcc
configure:3746: result: gcc
configure:3975: checking for C compiler version
configure:3984: gcc --version >&5
gcc (Ubuntu 9.3.0-17ubuntu1~20.04) 9.3.0
Copyright (C) 2019 Free Software Foundation, Inc.
This is free software; see the source for copying conditions.  There is NO
warranty; not even for MERCHANTABILITY or FITNESS FOR A PARTICULAR PURPOSE.

configure:3995: $? = 0
configure:3984: gcc -v >&5
Using built-in specs.
COLLECT_GCC=gcc
COLLECT_LTO_WRAPPER=/usr/lib/gcc/x86_64-linux-gnu/9/lto-wrapper
OFFLOAD_TARGET_NAMES=nvptx-none:hsa
OFFLOAD_TARGET_DEFAULT=1
Target: x86_64-linux-gnu
Configured with: ../src/configure -v --with-pkgversion='Ubuntu 9.3.0-17ubuntu1~20.04' --with-bugurl=file:///usr/share/doc/gcc-9/README.Bugs --enable-languages=c,ada,c++,go,brig,d,fortran,objc,obj-c++,gm2 --prefix=/usr --with-gcc-major-version-only --program-suffix=-9 --program-prefix=x86_64-linux-gnu- --enable-shared --enable-linker-build-id --libexecdir=/usr/lib --without-included-gettext --enable-threads=posix --libdir=/usr/lib --enable-nls --enable-clocale=gnu --enable-libstdcxx-debug --enable-libstdcxx-time=yes --with-default-libstdcxx-abi=new --enable-gnu-unique-object --disable-vtable-verify --enable-plugin --enable-default-pie --with-system-zlib --with-target-system-zlib=auto --enable-objc-gc=auto --enable-multiarch --disable-werror --with-arch-32=i686 --with-abi=m64 --with-multilib-list=m32,m64,mx32 --enable-multilib --with-tune=generic --enable-offload-targets=nvptx-none=/build/gcc-9-HskZEa/gcc-9-9.3.0/debian/tmp-nvptx/usr,hsa --without-cuda-driver --enable-checking=release --build=x86_64-linux-gnu --host=x86_64-linux-gnu --target=x86_64-linux-gnu
Thread model: posix
gcc version 9.3.0 (Ubuntu 9.3.0-17ubuntu1~20.04) 
configure:3995: $? = 0
configure:3984: gcc -V >&5
gcc: error: unrecognized command line option '-V'
gcc: fatal error: no input files
compilation terminated.
configure:3995: $? = 1
configure:3984: gcc -qversion >&5
gcc: error: unrecognized command line option '-qversion'; did you mean '--version'?
gcc: fatal error: no input files
compilation terminated.
configure:3995: $? = 1
configure:3999: checking whether we are using the GNU C compiler
configure:4018: gcc -c   conftest.c >&5
configure:4018: $? = 0
configure:4027: result: yes
configure:4036: checking whether gcc accepts -g
configure:4056: gcc -c -g  conftest.c >&5
configure:4056: $? = 0
configure:4097: result: yes
configure:4114: checking for gcc option to accept ISO C89
configure:4177: gcc  -c -g -O2  conftest.c >&5
configure:4177: $? = 0
configure:4190: result: none needed
configure:4215: checking whether gcc understands -c and -o together
configure:4237: gcc -c conftest.c -o conftest2.o
configure:4240: $? = 0
configure:4237: gcc -c conftest.c -o conftest2.o
configure:4240: $? = 0
configure:4252: result: yes
configure:4271: checking dependency style of gcc
configure:4382: result: gcc3
configure:4402: checking how to run the C preprocessor
configure:4433: gcc -E  conftest.c
configure:4433: $? = 0
configure:4447: gcc -E  conftest.c
conftest.c:11:10: fatal error: ac_nonexistent.h: No such file or directory
   11 | #include <ac_nonexistent.h>
      |          ^~~~~~~~~~~~~~~~~~
compilation terminated.
configure:4447: $? = 1
configure: failed program was:
| /* confdefs.h */
| #define PACKAGE_NAME "TestTool"
| #define PACKAGE_TARNAME "testtool"
| #define PACKAGE_VERSION "1.0"
| #define PACKAGE_STRING "TestTool 1.0"
| #define PACKAGE_BUGREPORT "hnylcxq@163.com"
| #define PACKAGE_URL ""
| #define PACKAGE "testtool"
| #define VERSION "1.0"
| /* end confdefs.h.  */
| #include <ac_nonexistent.h>
configure:4472: result: gcc -E
configure:4492: gcc -E  conftest.c
configure:4492: $? = 0
configure:4506: gcc -E  conftest.c
conftest.c:11:10: fatal error: ac_nonexistent.h: No such file or directory
   11 | #include <ac_nonexistent.h>
      |          ^~~~~~~~~~~~~~~~~~
compilation terminated.
configure:4506: $? = 1
configure: failed program was:
| /* confdefs.h */
| #define PACKAGE_NAME "TestTool"
| #define PACKAGE_TARNAME "testtool"
| #define PACKAGE_VERSION "1.0"
| #define PACKAGE_STRING "TestTool 1.0"
| #define PACKAGE_BUGREPORT "hnylcxq@163.com"
| #define PACKAGE_URL ""
| #define PACKAGE "testtool"
| #define VERSION "1.0"
| /* end confdefs.h.  */
| #include <ac_nonexistent.h>
configure:4540: checking for grep that handles long lines and -e
configure:4598: result: /usr/bin/grep
configure:4603: checking for egrep
configure:4665: result: /usr/bin/grep -E
configure:4670: checking for ANSI C header files
configure:4690: gcc -c -g -O2  conftest.c >&5
configure:4690: $? = 0
configure:4763: gcc -o conftest -g -O2   conftest.c  >&5
configure:4763: $? = 0
configure:4763: ./conftest
configure:4763: $? = 0
configure:4774: result: yes
configure:4787: checking for sys/types.h
configure:4787: gcc -c -g -O2  conftest.c >&5
configure:4787: $? = 0
configure:4787: result: yes
configure:4787: checking for sys/stat.h
configure:4787: gcc -c -g -O2  conftest.c >&5
configure:4787: $? = 0
configure:4787: result: yes
configure:4787: checking for stdlib.h
configure:4787: gcc -c -g -O2  conftest.c >&5
configure:4787: $? = 0
configure:4787: result: yes
configure:4787: checking for string.h
configure:4787: gcc -c -g -O2  conftest.c >&5
configure:4787: $? = 0
configure:4787: result: yes
configure:4787: checking for memory.h
configure:4787: gcc -c -g -O2  conftest.c >&5
configure:4787: $? = 0
configure:4787: result: yes
configure:4787: checking for strings.h
configure:4787: gcc -c -g -O2  conftest.c >&5
configure:4787: $? = 0
configure:4787: result: yes
configure:4787: checking for inttypes.h
configure:4787: gcc -c -g -O2  conftest.c >&5
configure:4787: $? = 0
configure:4787: result: yes
configure:4787: checking for stdint.h
configure:4787: gcc -c -g -O2  conftest.c >&5
configure:4787: $? = 0
configure:4787: result: yes
configure:4787: checking for unistd.h
configure:4787: gcc -c -g -O2  conftest.c >&5
configure:4787: $? = 0
configure:4787: result: yes
configure:4802: checking fcntl.h usability
configure:4802: gcc -c -g -O2  conftest.c >&5
configure:4802: $? = 0
configure:4802: result: yes
configure:4802: checking fcntl.h presence
configure:4802: gcc -E  conftest.c
configure:4802: $? = 0
configure:4802: result: yes
configure:4802: checking for fcntl.h
configure:4802: result: yes
configure:4802: checking for stdlib.h
configure:4802: result: yes
configure:4802: checking for string.h
configure:4802: result: yes
configure:4802: checking sys/time.h usability
configure:4802: gcc -c -g -O2  conftest.c >&5
configure:4802: $? = 0
configure:4802: result: yes
configure:4802: checking sys/time.h presence
configure:4802: gcc -E  conftest.c
configure:4802: $? = 0
configure:4802: result: yes
configure:4802: checking for sys/time.h
configure:4802: result: yes
configure:4802: checking termios.h usability
configure:4802: gcc -c -g -O2  conftest.c >&5
configure:4802: $? = 0
configure:4802: result: yes
configure:4802: checking termios.h presence
configure:4802: gcc -E  conftest.c
configure:4802: $? = 0
configure:4802: result: yes
configure:4802: checking for termios.h
configure:4802: result: yes
configure:4802: checking for unistd.h
configure:4802: result: yes
configure:4814: checking for stdbool.h that conforms to C99
configure:4881: gcc -c -g -O2  conftest.c >&5
configure:4881: $? = 0
configure:4888: result: yes
configure:4890: checking for _Bool
configure:4890: gcc -c -g -O2  conftest.c >&5
configure:4890: $? = 0
configure:4890: gcc -c -g -O2  conftest.c >&5
conftest.c: In function 'main':
conftest.c:63:20: error: expected expression before ')' token
   63 | if (sizeof ((_Bool)))
      |                    ^
configure:4890: $? = 1
configure: failed program was:
| /* confdefs.h */
| #define PACKAGE_NAME "TestTool"
| #define PACKAGE_TARNAME "testtool"
| #define PACKAGE_VERSION "1.0"
| #define PACKAGE_STRING "TestTool 1.0"
| #define PACKAGE_BUGREPORT "hnylcxq@163.com"
| #define PACKAGE_URL ""
| #define PACKAGE "testtool"
| #define VERSION "1.0"
| #define STDC_HEADERS 1
| #define HAVE_SYS_TYPES_H 1
| #define HAVE_SYS_STAT_H 1
| #define HAVE_STDLIB_H 1
| #define HAVE_STRING_H 1
| #define HAVE_MEMORY_H 1
| #define HAVE_STRINGS_H 1
| #define HAVE_INTTYPES_H 1
| #define HAVE_STDINT_H 1
| #define HAVE_UNISTD_H 1
| #define HAVE_FCNTL_H 1
| #define HAVE_STDLIB_H 1
| #define HAVE_STRING_H 1
| #define HAVE_SYS_TIME_H 1
| #define HAVE_TERMIOS_H 1
| #define HAVE_UNISTD_H 1
| /* end confdefs.h.  */
| #include <stdio.h>
| #ifdef HAVE_SYS_TYPES_H
| # include <sys/types.h>
| #endif
| #ifdef HAVE_SYS_STAT_H
| # include <sys/stat.h>
| #endif
| #ifdef STDC_HEADERS
| # include <stdlib.h>
| # include <stddef.h>
| #else
| # ifdef HAVE_STDLIB_H
| #  include <stdlib.h>
| # endif
| #endif
| #ifdef HAVE_STRING_H
| # if !defined STDC_HEADERS && defined HAVE_MEMORY_H
| #  include <memory.h>
| # endif
| # include <string.h>
| #endif
| #ifdef HAVE_STRINGS_H
| # include <strings.h>
| #endif
| #ifdef HAVE_INTTYPES_H
| # include <inttypes.h>
| #endif
| #ifdef HAVE_STDINT_H
| # include <stdint.h>
| #endif
| #ifdef HAVE_UNISTD_H
| # include <unistd.h>
| #endif
| int
| main ()
| {
| if (sizeof ((_Bool)))
| 	    return 0;
|   ;
|   return 0;
| }
configure:4890: result: yes
configure:4901: checking for inline
configure:4917: gcc -c -g -O2  conftest.c >&5
configure:4917: $? = 0
configure:4925: result: inline
configure:4943: checking for int32_t
configure:4943: gcc -c -g -O2  conftest.c >&5
configure:4943: $? = 0
configure:4943: gcc -c -g -O2  conftest.c >&5
conftest.c: In function 'main':
conftest.c:66:53: warning: integer overflow in expression of type 'int' results in '-2147483648' [-Woverflow]
   66 |    < (int32_t) (((((int32_t) 1 << N) << N) - 1) * 2 + 2))];
      |                                                     ^
conftest.c:65:12: error: storage size of 'test_array' isn't constant
   65 | static int test_array [1 - 2 * !((int32_t) (((((int32_t) 1 << N) << N) - 1) * 2 + 1)
      |            ^~~~~~~~~~
configure:4943: $? = 1
configure: failed program was:
| /* confdefs.h */
| #define PACKAGE_NAME "TestTool"
| #define PACKAGE_TARNAME "testtool"
| #define PACKAGE_VERSION "1.0"
| #define PACKAGE_STRING "TestTool 1.0"
| #define PACKAGE_BUGREPORT "hnylcxq@163.com"
| #define PACKAGE_URL ""
| #define PACKAGE "testtool"
| #define VERSION "1.0"
| #define STDC_HEADERS 1
| #define HAVE_SYS_TYPES_H 1
| #define HAVE_SYS_STAT_H 1
| #define HAVE_STDLIB_H 1
| #define HAVE_STRING_H 1
| #define HAVE_MEMORY_H 1
| #define HAVE_STRINGS_H 1
| #define HAVE_INTTYPES_H 1
| #define HAVE_STDINT_H 1
| #define HAVE_UNISTD_H 1
| #define HAVE_FCNTL_H 1
| #define HAVE_STDLIB_H 1
| #define HAVE_STRING_H 1
| #define HAVE_SYS_TIME_H 1
| #define HAVE_TERMIOS_H 1
| #define HAVE_UNISTD_H 1
| #define HAVE__BOOL 1
| /* end confdefs.h.  */
| #include <stdio.h>
| #ifdef HAVE_SYS_TYPES_H
| # include <sys/types.h>
| #endif
| #ifdef HAVE_SYS_STAT_H
| # include <sys/stat.h>
| #endif
| #ifdef STDC_HEADERS
| # include <stdlib.h>
| # include <stddef.h>
| #else
| # ifdef HAVE_STDLIB_H
| #  include <stdlib.h>
| # endif
| #endif
| #ifdef HAVE_STRING_H
| # if !defined STDC_HEADERS && defined HAVE_MEMORY_H
| #  include <memory.h>
| # endif
| # include <string.h>
| #endif
| #ifdef HAVE_STRINGS_H
| # include <strings.h>
| #endif
| #ifdef HAVE_INTTYPES_H
| # include <inttypes.h>
| #endif
| #ifdef HAVE_STDINT_H
| # include <stdint.h>
| #endif
| #ifdef HAVE_UNISTD_H
| # include <unistd.h>
| #endif
| 	        enum { N = 32 / 2 - 1 };
| int
| main ()
| {
| static int test_array [1 - 2 * !((int32_t) (((((int32_t) 1 << N) << N) - 1) * 2 + 1)
| 		 < (int32_t) (((((int32_t) 1 << N) << N) - 1) * 2 + 2))];
| test_array [0] = 0;
| return test_array [0];
| 
|   ;
|   return 0;
| }
configure:4943: result: yes
configure:4954: checking for int64_t
configure:4954: gcc -c -g -O2  conftest.c >&5
configure:4954: $? = 0
configure:4954: gcc -c -g -O2  conftest.c >&5
conftest.c: In function 'main':
conftest.c:66:53: warning: integer overflow in expression of type 'long int' results in '-9223372036854775808' [-Woverflow]
   66 |    < (int64_t) (((((int64_t) 1 << N) << N) - 1) * 2 + 2))];
      |                                                     ^
conftest.c:65:12: error: storage size of 'test_array' isn't constant
   65 | static int test_array [1 - 2 * !((int64_t) (((((int64_t) 1 << N) << N) - 1) * 2 + 1)
      |            ^~~~~~~~~~
configure:4954: $? = 1
configure: failed program was:
| /* confdefs.h */
| #define PACKAGE_NAME "TestTool"
| #define PACKAGE_TARNAME "testtool"
| #define PACKAGE_VERSION "1.0"
| #define PACKAGE_STRING "TestTool 1.0"
| #define PACKAGE_BUGREPORT "hnylcxq@163.com"
| #define PACKAGE_URL ""
| #define PACKAGE "testtool"
| #define VERSION "1.0"
| #define STDC_HEADERS 1
| #define HAVE_SYS_TYPES_H 1
| #define HAVE_SYS_STAT_H 1
| #define HAVE_STDLIB_H 1
| #define HAVE_STRING_H 1
| #define HAVE_MEMORY_H 1
| #define HAVE_STRINGS_H 1
| #define HAVE_INTTYPES_H 1
| #define HAVE_STDINT_H 1
| #define HAVE_UNISTD_H 1
| #define HAVE_FCNTL_H 1
| #define HAVE_STDLIB_H 1
| #define HAVE_STRING_H 1
| #define HAVE_SYS_TIME_H 1
| #define HAVE_TERMIOS_H 1
| #define HAVE_UNISTD_H 1
| #define HAVE__BOOL 1
| /* end confdefs.h.  */
| #include <stdio.h>
| #ifdef HAVE_SYS_TYPES_H
| # include <sys/types.h>
| #endif
| #ifdef HAVE_SYS_STAT_H
| # include <sys/stat.h>
| #endif
| #ifdef STDC_HEADERS
| # include <stdlib.h>
| # include <stddef.h>
| #else
| # ifdef HAVE_STDLIB_H
| #  include <stdlib.h>
| # endif
| #endif
| #ifdef HAVE_STRING_H
| # if !defined STDC_HEADERS && defined HAVE_MEMORY_H
| #  include <memory.h>
| # endif
| # include <string.h>
| #endif
| #ifdef HAVE_STRINGS_H
| # include <strings.h>
| #endif
| #ifdef HAVE_INTTYPES_H
| # include <inttypes.h>
| #endif
| #ifdef HAVE_STDINT_H
| # include <stdint.h>
| #endif
| #ifdef HAVE_UNISTD_H
| # include <unistd.h>
| #endif
| 	        enum { N = 64 / 2 - 1 };
| int
| main ()
| {
| static int test_array [1 - 2 * !((int64_t) (((((int64_t) 1 << N) << N) - 1) * 2 + 1)
| 		 < (int64_t) (((((int64_t) 1 << N) << N) - 1) * 2 + 2))];
| test_array [0] = 0;
| return test_array [0];
| 
|   ;
|   return 0;
| }
configure:4954: result: yes
configure:4965: checking for size_t
configure:4965: gcc -c -g -O2  conftest.c >&5
configure:4965: $? = 0
configure:4965: gcc -c -g -O2  conftest.c >&5
conftest.c: In function 'main':
conftest.c:64:21: error: expected expression before ')' token
   64 | if (sizeof ((size_t)))
      |                     ^
configure:4965: $? = 1
configure: failed program was:
| /* confdefs.h */
| #define PACKAGE_NAME "TestTool"
| #define PACKAGE_TARNAME "testtool"
| #define PACKAGE_VERSION "1.0"
| #define PACKAGE_STRING "TestTool 1.0"
| #define PACKAGE_BUGREPORT "hnylcxq@163.com"
| #define PACKAGE_URL ""
| #define PACKAGE "testtool"
| #define VERSION "1.0"
| #define STDC_HEADERS 1
| #define HAVE_SYS_TYPES_H 1
| #define HAVE_SYS_STAT_H 1
| #define HAVE_STDLIB_H 1
| #define HAVE_STRING_H 1
| #define HAVE_MEMORY_H 1
| #define HAVE_STRINGS_H 1
| #define HAVE_INTTYPES_H 1
| #define HAVE_STDINT_H 1
| #define HAVE_UNISTD_H 1
| #define HAVE_FCNTL_H 1
| #define HAVE_STDLIB_H 1
| #define HAVE_STRING_H 1
| #define HAVE_SYS_TIME_H 1
| #define HAVE_TERMIOS_H 1
| #define HAVE_UNISTD_H 1
| #define HAVE__BOOL 1
| /* end confdefs.h.  */
| #include <stdio.h>
| #ifdef HAVE_SYS_TYPES_H
| # include <sys/types.h>
| #endif
| #ifdef HAVE_SYS_STAT_H
| # include <sys/stat.h>
| #endif
| #ifdef STDC_HEADERS
| # include <stdlib.h>
| # include <stddef.h>
| #else
| # ifdef HAVE_STDLIB_H
| #  include <stdlib.h>
| # endif
| #endif
| #ifdef HAVE_STRING_H
| # if !defined STDC_HEADERS && defined HAVE_MEMORY_H
| #  include <memory.h>
| # endif
| # include <string.h>
| #endif
| #ifdef HAVE_STRINGS_H
| # include <strings.h>
| #endif
| #ifdef HAVE_INTTYPES_H
| # include <inttypes.h>
| #endif
| #ifdef HAVE_STDINT_H
| # include <stdint.h>
| #endif
| #ifdef HAVE_UNISTD_H
| # include <unistd.h>
| #endif
| int
| main ()
| {
| if (sizeof ((size_t)))
| 	    return 0;
|   ;
|   return 0;
| }
configure:4965: result: yes
configure:4976: checking for uint16_t
configure:4976: gcc -c -g -O2  conftest.c >&5
configure:4976: $? = 0
configure:4976: result: yes
configure:4988: checking for uint32_t
configure:4988: gcc -c -g -O2  conftest.c >&5
configure:4988: $? = 0
configure:4988: result: yes
configure:5002: checking for uint64_t
configure:5002: gcc -c -g -O2  conftest.c >&5
configure:5002: $? = 0
configure:5002: result: yes
configure:5016: checking for uint8_t
configure:5016: gcc -c -g -O2  conftest.c >&5
configure:5016: $? = 0
configure:5016: result: yes
configure:5034: checking for stdlib.h
configure:5034: result: yes
configure:5044: checking for GNU libc compatible malloc
configure:5068: gcc -o conftest -g -O2   conftest.c  >&5
configure:5068: $? = 0
configure:5068: ./conftest
configure:5068: $? = 0
configure:5078: result: yes
configure:5105: checking for stdlib.h
configure:5105: result: yes
configure:5105: checking for unistd.h
configure:5105: result: yes
configure:5105: checking for sys/param.h
configure:5105: gcc -c -g -O2  conftest.c >&5
configure:5105: $? = 0
configure:5105: result: yes
configure:5125: checking for getpagesize
configure:5125: gcc -o conftest -g -O2   conftest.c  >&5
configure:5125: $? = 0
configure:5125: result: yes
configure:5134: checking for working mmap
configure:5283: gcc -o conftest -g -O2   conftest.c  >&5
configure:5283: $? = 0
configure:5283: ./conftest
configure:5283: $? = 0
configure:5293: result: yes
configure:5305: checking for gettimeofday
configure:5305: gcc -o conftest -g -O2   conftest.c  >&5
configure:5305: $? = 0
configure:5305: result: yes
configure:5305: checking for memset
configure:5305: gcc -o conftest -g -O2   conftest.c  >&5
conftest.c:59:6: warning: conflicting types for built-in function 'memset'; expected 'void *(void *, int,  long unsigned int)' [-Wbuiltin-declaration-mismatch]
   59 | char memset ();
      |      ^~~~~~
conftest.c:47:1: note: 'memset' is declared in header '<string.h>'
   46 | # include <limits.h>
   47 | #else
configure:5305: $? = 0
configure:5305: result: yes
configure:5305: checking for mkdir
configure:5305: gcc -o conftest -g -O2   conftest.c  >&5
configure:5305: $? = 0
configure:5305: result: yes
configure:5305: checking for munmap
configure:5305: gcc -o conftest -g -O2   conftest.c  >&5
configure:5305: $? = 0
configure:5305: result: yes
configure:5305: checking for strcasecmp
configure:5305: gcc -o conftest -g -O2   conftest.c  >&5
conftest.c:62:6: warning: conflicting types for built-in function 'strcasecmp'; expected 'int(const char *, const char *)' [-Wbuiltin-declaration-mismatch]
   62 | char strcasecmp ();
      |      ^~~~~~~~~~
configure:5305: $? = 0
configure:5305: result: yes
configure:5305: checking for strstr
configure:5305: gcc -o conftest -g -O2   conftest.c  >&5
conftest.c:63:6: warning: conflicting types for built-in function 'strstr'; expected 'char *(const char *, const char *)' [-Wbuiltin-declaration-mismatch]
   63 | char strstr ();
      |      ^~~~~~
conftest.c:51:1: note: 'strstr' is declared in header '<string.h>'
   50 | # include <limits.h>
   51 | #else
configure:5305: $? = 0
configure:5305: result: yes
configure:5305: checking for strtoul
configure:5305: gcc -o conftest -g -O2   conftest.c  >&5
configure:5305: $? = 0
configure:5305: result: yes
configure:5418: checking that generated files are newer than configure
configure:5424: result: done
configure:5451: creating ./config.status

## ---------------------- ##
## Running config.status. ##
## ---------------------- ##

This file was extended by TestTool config.status 1.0, which was
generated by GNU Autoconf 2.69.  Invocation command line was

  CONFIG_FILES    = 
  CONFIG_HEADERS  = 
  CONFIG_LINKS    = 
  CONFIG_COMMANDS = 
  $ ./config.status 

on niao

config.status:876: creating Makefile
config.status:876: creating config.h
config.status:1057: config.h is unchanged
config.status:1105: executing depfiles commands
config.status:1182: cd .       && sed -e '/# am--include-marker/d' Makefile         | make -f - am--depfiles
make: Nothing to be done for 'am--depfiles'.
config.status:1187: $? = 0

## ---------------- ##
## Cache variables. ##
## ---------------- ##

ac_cv_c_compiler_gnu=yes
ac_cv_c_inline=inline
ac_cv_c_int32_t=yes
ac_cv_c_int64_t=yes
ac_cv_c_uint16_t=yes
ac_cv_c_uint32_t=yes
ac_cv_c_uint64_t=yes
ac_cv_c_uint8_t=yes
ac_cv_cxx_compiler_gnu=yes
ac_cv_env_CCC_set=
ac_cv_env_CCC_value=
ac_cv_env_CC_set=
ac_cv_env_CC_value=
ac_cv_env_CFLAGS_set=
ac_cv_env_CFLAGS_value=
ac_cv_env_CPPFLAGS_set=
ac_cv_env_CPPFLAGS_value=
ac_cv_env_CPP_set=
ac_cv_env_CPP_value=
ac_cv_env_CXXFLAGS_set=
ac_cv_env_CXXFLAGS_value=
ac_cv_env_CXX_set=
ac_cv_env_CXX_value=
ac_cv_env_LDFLAGS_set=
ac_cv_env_LDFLAGS_value=
ac_cv_env_LIBS_set=
ac_cv_env_LIBS_value=
ac_cv_env_build_alias_set=
ac_cv_env_build_alias_value=
ac_cv_env_host_alias_set=
ac_cv_env_host_alias_value=
ac_cv_env_target_alias_set=
ac_cv_env_target_alias_value=
ac_cv_func_getpagesize=yes
ac_cv_func_gettimeofday=yes
ac_cv_func_malloc_0_nonnull=yes
ac_cv_func_memset=yes
ac_cv_func_mkdir=yes
ac_cv_func_mmap_fixed_mapped=yes
ac_cv_func_munmap=yes
ac_cv_func_strcasecmp=yes
ac_cv_func_strstr=yes
ac_cv_func_strtoul=yes
ac_cv_header_fcntl_h=yes
ac_cv_header_inttypes_h=yes
ac_cv_header_memory_h=yes
ac_cv_header_stdbool_h=yes
ac_cv_header_stdc=yes
ac_cv_header_stdint_h=yes
ac_cv_header_stdlib_h=yes
ac_cv_header_string_h=yes
ac_cv_header_strings_h=yes
ac_cv_header_sys_param_h=yes
ac_cv_header_sys_stat_h=yes
ac_cv_header_sys_time_h=yes
ac_cv_header_sys_types_h=yes
ac_cv_header_termios_h=yes
ac_cv_header_unistd_h=yes
ac_cv_objext=o
ac_cv_path_EGREP='/usr/bin/grep -E'
ac_cv_path_GREP=/usr/bin/grep
ac_cv_path_install='/usr/bin/install -c'
ac_cv_path_mkdir=/usr/bin/mkdir
ac_cv_prog_AWK=mawk
ac_cv_prog_CPP='gcc -E'
ac_cv_prog_ac_ct_CC=gcc
ac_cv_prog_ac_ct_CXX=g++
ac_cv_prog_cc_c89=
ac_cv_prog_cc_g=yes
ac_cv_prog_cxx_g=yes
ac_cv_prog_make_make_set=yes
ac_cv_type__Bool=yes
ac_cv_type_size_t=yes
am_cv_CC_dependencies_compiler_type=gcc3
am_cv_CXX_dependencies_compiler_type=gcc3
am_cv_make_support_nested_variables=yes
am_cv_prog_cc_c_o=yes

## ----------------- ##
## Output variables. ##
## ----------------- ##

ACLOCAL='${SHELL} /mnt/sharefiles/github/TestTool_new/TestTool/build_linux/missing aclocal-1.16'
AMDEPBACKSLASH='\'
AMDEP_FALSE='#'
AMDEP_TRUE=''
AMTAR='$${TAR-tar}'
AM_BACKSLASH='\'
AM_DEFAULT_V='$(AM_DEFAULT_VERBOSITY)'
AM_DEFAULT_VERBOSITY='1'
AM_V='$(V)'
AUTOCONF='${SHELL} /mnt/sharefiles/github/TestTool_new/TestTool/build_linux/missing autoconf'
AUTOHEADER='${SHELL} /mnt/sharefiles/github/TestTool_new/TestTool/build_linux/missing autoheader'
AUTOMAKE='${SHELL} /mnt/sharefiles/github/TestTool_new/TestTool/build_linux/missing automake-1.16'
AWK='mawk'
CC='gcc'
CCDEPMODE='depmode=gcc3'
CFLAGS='-g -O2'
CPP='gcc -E'
CPPFLAGS=''
CXX='g++'
CXXDEPMODE='depmode=gcc3'
CXXFLAGS='-g -O2'
CYGPATH_W='echo'
DEFS='-DHAVE_CONFIG_H'
DEPDIR='.deps'
ECHO_C=''
ECHO_N='-n'
ECHO_T=''
EGREP='/usr/bin/grep -E'
EXEEXT=''
GREP='/usr/bin/grep'
INSTALL_DATA='${INSTALL} -m 644'
INSTALL_PROGRAM='${INSTALL}'
INSTALL_SCRIPT='${INSTALL}'
INSTALL_STRIP_PROGRAM='$(install_sh) -c -s'
LDFLAGS=''
LIBOBJS=''
LIBS=''
LTLIBOBJS=''
MAKEINFO='${SHELL} /mnt/sharefiles/github/TestTool_new/TestTool/build_linux/missing makeinfo'
MKDIR_P='/usr/bin/mkdir -p'
OBJEXT='o'
PACKAGE='testtool'
PACKAGE_BUGREPORT='hnylcxq@163.com'
PACKAGE_NAME='TestTool'
PACKAGE_STRING='TestTool 1.0'
PACKAGE_TARNAME='testtool'
PACKAGE_URL=''
PACKAGE_VERSION='1.0'
PATH_SEPARATOR=':'
SET_MAKE=''
SHELL='/bin/bash'
STRIP=''
VERSION='1.0'
ac_ct_CC='gcc'
ac_ct_CXX='g++'
am__EXEEXT_FALSE=''
am__EXEEXT_TRUE='#'
am__fastdepCC_FALSE='#'
am__fastdepCC_TRUE=''
am__fastdepCXX_FALSE='#'
am__fastdepCXX_TRUE=''
am__include='include'
am__isrc=''
am__leading_dot='.'
am__nodep='_no'
am__quote=''
am__tar='$${TAR-tar} chof - "$$tardir"'
am__untar='$${TAR-tar} xf -'
bindir='${exec_prefix}/bin'
build_alias=''
datadir='${datarootdir}'
datarootdir='${prefix}/share'
docdir='${datarootdir}/doc/${PACKAGE_TARNAME}'
dvidir='${docdir}'
exec_prefix='${prefix}'
host_alias=''
htmldir='${docdir}'
includedir='${prefix}/include'
infodir='${datarootdir}/info'
install_sh='${SHELL} /mnt/sharefiles/github/TestTool_new/TestTool/build_linux/install-sh'
libdir='${exec_prefix}/lib'
libexecdir='${exec_prefix}/libexec'
localedir='${datarootdir}/locale'
localstatedir='${prefix}/var'
mandir='${datarootdir}/man'
mkdir_p='$(MKDIR_P)'
oldincludedir='/usr/include'
pdfdir='${docdir}'
prefix='/usr/local'
program_transform_name='s,x,x,'
psdir='${docdir}'
runstatedir='${localstatedir}/run'
sbindir='${exec_prefix}/sbin'
sharedstatedir='${prefix}/com'
sysconfdir='${prefix}/etc'
target_alias=''

## ----------- ##
## confdefs.h. ##
## ----------- ##

/* confdefs.h */
#define PACKAGE_NAME "TestTool"
#define PACKAGE_TARNAME "testtool"
#define PACKAGE_VERSION "1.0"
#define PACKAGE_STRING "TestTool 1.0"
#define PACKAGE_BUGREPORT "hnylcxq@163.com"
#define PACKAGE_URL ""
#define PACKAGE "testtool"
#define VERSION "1.0"
#define STDC_HEADERS 1
#define HAVE_SYS_TYPES_H 1
#define HAVE_SYS_STAT_H 1
#define HAVE_STDLIB_H 1
#define HAVE_STRING_H 1
#define HAVE_MEMORY_H 1
#define HAVE_STRINGS_H 1
#define HAVE_INTTYPES_H 1
#define HAVE_STDINT_H 1
#define HAVE_UNISTD_H 1
#define HAVE_FCNTL_H 1
#define HAVE_STDLIB_H 1
#define HAVE_STRING_H 1
#define HAVE_SYS_TIME_H 1
#define HAVE_TERMIOS_H 1
#define HAVE_UNISTD_H 1
#define HAVE__BOOL 1
#define HAVE_STDLIB_H 1
#define HAVE_MALLOC 1
#define HAVE_STDLIB_H 1
#define HAVE_UNISTD_H 1
#define HAVE_SYS_PARAM_H 1
#define HAVE_GETPAGESIZE 1
#define HAVE_MMAP 1
#define HAVE_GETTIMEOFDAY 1
#define HAVE_MEMSET 1
#define HAVE_MKDIR 1
#define HAVE_MUNMAP 1
#define HAVE_STRCASECMP 1
#define HAVE_STRSTR 1
#define HAVE_STRTOUL 1

configure: exit 0

## ---------------------- ##
## Running config.status. ##
## ---------------------- ##

This file was extended by TestTool config.status 1.0, which was
generated by GNU Autoconf 2.69.  Invocation command line was

  CONFIG_FILES    = 
  CONFIG_HEADERS  = 
  CONFIG_LINKS    = 
  CONFIG_COMMANDS = 
  $ ./config.status Makefile depfiles

on niao

config.status:876: creating Makefile
config.status:1105: executing depfiles commands
config.status:1182: cd .       && sed -e '/# am--include-marker/d' Makefile         | make -f - am--depfiles
make[1]: Entering directory '/mnt/sharefiles/github/TestTool_new/TestTool/build_linux'
make[1]: Leaving directory '/mnt/sharefiles/github/TestTool_new/TestTool/build_linux'
config.status:1187: $? = 0

## ---------------------- ##
## Running config.status. ##
## ---------------------- ##

This file was extended by TestTool config.status 1.0, which was
generated by GNU Autoconf 2.69.  Invocation command line was

  CONFIG_FILES    = 
  CONFIG_HEADERS  = 
  CONFIG_LINKS    = 
  CONFIG_COMMANDS = 
  $ ./config.status Makefile depfiles

on niao

config.status:876: creating Makefile
config.status:1105: executing depfiles commands
config.status:1182: cd .       && sed -e '/# am--include-marker/d' Makefile         | make -f - am--depfiles
make[1]: Entering directory '/mnt/sharefiles/github/TestTool_new/TestTool/build_linux'
make[1]: Nothing to be done for 'am--depfiles'.
make[1]: Leaving directory '/mnt/sharefiles/github/TestTool_new/TestTool/build_linux'
config.status:1187: $? = 0

## ---------------------- ##
## Running config.status. ##
## ---------------------- ##

This file was extended by TestTool config.status 1.0, which was
generated by GNU Autoconf 2.69.  Invocation command line was

  CONFIG_FILES    = 
  CONFIG_HEADERS  = 
  CONFIG_LINKS    = 
  CONFIG_COMMANDS = 
  $ ./config.status Makefile depfiles

on niao

config.status:876: creating Makefile
config.status:1105: executing depfiles commands
config.status:1182: cd .       && sed -e '/# am--include-marker/d' Makefile         | make -f - am--depfiles
make[1]: Entering directory '/mnt/sharefiles/github/TestTool_new/TestTool/build_linux'
make[1]: Nothing to be done for 'am--depfiles'.
make[1]: Leaving directory '/mnt/sharefiles/github/TestTool_new/TestTool/build_linux'
config.status:1187: $? = 0
